Training unet40 on cuda
Epoch   1/200 | loss=0.5639 dice=0.6415 iou=0.4939 time=1.2ms
Epoch   5/200 | loss=0.4061 dice=0.6416 iou=0.4940 time=1.1ms
Epoch  10/200 | loss=0.3247 dice=0.8027 iou=0.6867 time=1.1ms
Epoch  15/200 | loss=0.2877 dice=0.7983 iou=0.6781 time=1.1ms
Epoch  20/200 | loss=0.2491 dice=0.8029 iou=0.6874 time=1.1ms
Epoch  25/200 | loss=0.2554 dice=0.8228 iou=0.7221 time=1.0ms
Epoch  30/200 | loss=0.2236 dice=0.8061 iou=0.6964 time=1.1ms
Epoch  35/200 | loss=0.1987 dice=0.8465 iou=0.7495 time=1.1ms
Epoch  40/200 | loss=0.1944 dice=0.8405 iou=0.7395 time=1.0ms
Epoch  45/200 | loss=0.1856 dice=0.8532 iou=0.7573 time=1.1ms
Epoch  50/200 | loss=0.1850 dice=0.8424 iou=0.7429 time=1.1ms
Epoch  55/200 | loss=0.1887 dice=0.8601 iou=0.7657 time=1.1ms
Epoch  60/200 | loss=0.1769 dice=0.8390 iou=0.7413 time=1.1ms
Epoch  65/200 | loss=0.1552 dice=0.8437 iou=0.7465 time=1.1ms
Epoch  70/200 | loss=0.1606 dice=0.8256 iou=0.7317 time=1.1ms
Epoch  75/200 | loss=0.1579 dice=0.8348 iou=0.7393 time=1.1ms
Epoch  80/200 | loss=0.1391 dice=0.8383 iou=0.7478 time=1.1ms
Epoch  85/200 | loss=0.1437 dice=0.8517 iou=0.7633 time=1.1ms
Epoch  90/200 | loss=0.1317 dice=0.8464 iou=0.7491 time=1.1ms
Epoch  95/200 | loss=0.1303 dice=0.8471 iou=0.7579 time=0.7ms
Epoch 100/200 | loss=0.1344 dice=0.8305 iou=0.7253 time=0.6ms
Epoch 105/200 | loss=0.1197 dice=0.8626 iou=0.7728 time=0.6ms
Epoch 110/200 | loss=0.1129 dice=0.8585 iou=0.7659 time=1.1ms
Epoch 115/200 | loss=0.1157 dice=0.8499 iou=0.7595 time=1.1ms
Epoch 120/200 | loss=0.1142 dice=0.8433 iou=0.7440 time=1.1ms
Epoch 125/200 | loss=0.1161 dice=0.8401 iou=0.7474 time=1.1ms
Epoch 130/200 | loss=0.1033 dice=0.8663 iou=0.7784 time=1.1ms
Epoch 135/200 | loss=0.1042 dice=0.8560 iou=0.7662 time=1.1ms
Epoch 140/200 | loss=0.0961 dice=0.8528 iou=0.7621 time=1.1ms
Epoch 145/200 | loss=0.1000 dice=0.8702 iou=0.7853 time=1.1ms
Epoch 150/200 | loss=0.0924 dice=0.8663 iou=0.7791 time=1.1ms
Epoch 155/200 | loss=0.0930 dice=0.8604 iou=0.7675 time=1.1ms
Epoch 160/200 | loss=0.0976 dice=0.8712 iou=0.7839 time=1.1ms
Epoch 165/200 | loss=0.0950 dice=0.8681 iou=0.7809 time=1.1ms
Epoch 170/200 | loss=0.0901 dice=0.8686 iou=0.7829 time=1.1ms
Epoch 175/200 | loss=0.0883 dice=0.8696 iou=0.7826 time=1.2ms
Epoch 180/200 | loss=0.0927 dice=0.8705 iou=0.7846 time=1.1ms
Epoch 185/200 | loss=0.0890 dice=0.8690 iou=0.7821 time=1.1ms
Epoch 190/200 | loss=0.0947 dice=0.8714 iou=0.7851 time=1.1ms
Epoch 195/200 | loss=0.0901 dice=0.8702 iou=0.7836 time=1.1ms
Epoch 200/200 | loss=0.0889 dice=0.8706 iou=0.7843 time=1.1ms
Best Dice: 0.8714. Checkpoint: results/unet40/best.pth
