Training medsam on cuda
Epoch   1/100 | loss=0.4098 dice=0.8245 iou=0.7120 time=292.2ms
Epoch   5/100 | loss=0.1677 dice=0.8881 iou=0.8098 time=291.0ms
Epoch  10/100 | loss=0.1336 dice=0.9091 iou=0.8409 time=292.8ms
Epoch  15/100 | loss=0.1021 dice=0.9074 iou=0.8397 time=295.8ms
Epoch  20/100 | loss=0.0964 dice=0.8954 iou=0.8230 time=185.1ms
Epoch  25/100 | loss=0.0935 dice=0.9045 iou=0.8351 time=190.0ms
Epoch  30/100 | loss=0.0844 dice=0.8956 iou=0.8232 time=184.6ms
Epoch  35/100 | loss=0.0820 dice=0.9046 iou=0.8353 time=188.6ms
Epoch  40/100 | loss=0.0764 dice=0.9099 iou=0.8433 time=185.2ms
Epoch  45/100 | loss=0.0735 dice=0.9026 iou=0.8333 time=187.1ms
Epoch  50/100 | loss=0.0686 dice=0.9025 iou=0.8331 time=187.0ms
Epoch  55/100 | loss=0.0677 dice=0.9121 iou=0.8472 time=184.8ms
Epoch  60/100 | loss=0.0652 dice=0.9099 iou=0.8447 time=185.4ms
Epoch  65/100 | loss=0.0701 dice=0.8973 iou=0.8255 time=188.4ms
Epoch  70/100 | loss=0.0620 dice=0.9134 iou=0.8488 time=179.0ms
Epoch  75/100 | loss=0.0624 dice=0.9056 iou=0.8379 time=179.7ms
Epoch  80/100 | loss=0.0603 dice=0.9151 iou=0.8520 time=184.5ms
Epoch  85/100 | loss=0.0595 dice=0.9008 iou=0.8324 time=184.0ms
Epoch  90/100 | loss=0.0574 dice=0.9146 iou=0.8514 time=182.9ms
Epoch  95/100 | loss=0.0552 dice=0.9147 iou=0.8514 time=190.6ms
Epoch 100/100 | loss=0.0560 dice=0.8972 iou=0.8283 time=185.5ms
Best Dice: 0.9151. Checkpoint: results/medsam/best.pth
