Training unet on cuda
Epoch   1/100 | loss=0.5328 dice=0.6415 iou=0.4939 time=1.3ms
Epoch   5/100 | loss=0.3936 dice=0.7173 iou=0.5785 time=1.0ms
Epoch  10/100 | loss=0.3040 dice=0.8020 iou=0.6902 time=0.7ms
Epoch  15/100 | loss=0.2549 dice=0.8272 iou=0.7152 time=1.0ms
Epoch  20/100 | loss=0.2443 dice=0.8483 iou=0.7448 time=0.7ms
Epoch  25/100 | loss=0.2045 dice=0.8486 iou=0.7534 time=0.7ms
Epoch  30/100 | loss=0.1953 dice=0.8887 iou=0.8071 time=0.7ms
Epoch  35/100 | loss=0.1840 dice=0.8765 iou=0.7889 time=0.7ms
Epoch  40/100 | loss=0.1819 dice=0.8505 iou=0.7531 time=0.9ms
Epoch  45/100 | loss=0.1535 dice=0.8821 iou=0.7987 time=0.9ms
Epoch  50/100 | loss=0.1519 dice=0.8679 iou=0.7773 time=0.7ms
Epoch  55/100 | loss=0.1545 dice=0.8883 iou=0.8102 time=0.7ms
Epoch  60/100 | loss=0.1511 dice=0.8942 iou=0.8174 time=0.6ms
Epoch  65/100 | loss=0.1357 dice=0.8813 iou=0.7975 time=0.7ms
Epoch  70/100 | loss=0.1462 dice=0.8862 iou=0.8054 time=0.7ms
Epoch  75/100 | loss=0.1377 dice=0.8994 iou=0.8254 time=0.7ms
Epoch  80/100 | loss=0.1269 dice=0.8779 iou=0.7927 time=0.9ms
Epoch  85/100 | loss=0.1124 dice=0.8884 iou=0.8086 time=0.7ms
Epoch  90/100 | loss=0.1314 dice=0.8752 iou=0.7884 time=0.7ms
Epoch  95/100 | loss=0.1265 dice=0.8978 iou=0.8220 time=0.6ms
Epoch 100/100 | loss=0.1020 dice=0.8921 iou=0.8144 time=0.7ms
Best Dice: 0.8994. Checkpoint: results/unet/best.pth
